2024-10-24 13:54:35 DEBUG TestNG:82 - suiteXmlPath: "F:\AutomationPractise\OpenCartEcomm\master.xml"
2024-10-24 13:54:36 INFO  Utils:112 - [TestNG] Running:
  F:\AutomationPractise\OpenCartEcomm\master.xml

2024-10-24 13:54:47 INFO  TC001_AccountRegistrationTest:15 - *****************TC001_AccountRegistrationTest Started***********************
2024-10-24 13:54:47 INFO  TC001_AccountRegistrationTest:20 - clicked on Registration page!!!
2024-10-24 13:54:47 INFO  TC001_AccountRegistrationTest:23 - Providing Customer Detail using random class
2024-10-24 13:54:50 INFO  TC001_AccountRegistrationTest:37 - Validating register Message
2024-10-24 13:54:50 INFO  TC001_AccountRegistrationTest:55 - *****************TC001_AccountRegistrationTest Finished***********************
2024-10-24 13:54:53 INFO  TC002_LoginTest:17 - ******************************* Test 002_loginTest Started ******************************
2024-10-24 13:54:53 INFO  TC002_LoginTest:22 - Clicked on My Account Icon from HomePage
2024-10-24 13:54:54 INFO  TC002_LoginTest:25 - Clicked on Login link from MyAccount Dropdown
2024-10-24 13:54:54 INFO  TC002_LoginTest:32 - Entered Email and Password for login
2024-10-24 13:54:55 INFO  TC002_LoginTest:34 - Clicked Login on Button
2024-10-24 13:54:55 INFO  TC002_LoginTest:45 - ******************************* Test 002_loginTest Finished ******************************
2024-10-24 13:54:59 DEBUG PackageRelationshipCollection:307 - Parsing relationship: /xl/_rels/workbook.xml.rels
2024-10-24 13:54:59 DEBUG PackageRelationshipCollection:307 - Parsing relationship: /xl/worksheets/_rels/sheet1.xml.rels
2024-10-24 13:54:59 DEBUG PackageRelationshipCollection:307 - Parsing relationship: /_rels/.rels
2024-10-24 13:55:00 DEBUG PackageRelationshipCollection:307 - Parsing relationship: /xl/_rels/workbook.xml.rels
2024-10-24 13:55:00 DEBUG PackageRelationshipCollection:307 - Parsing relationship: /xl/worksheets/_rels/sheet1.xml.rels
2024-10-24 13:55:00 DEBUG PackageRelationshipCollection:307 - Parsing relationship: /_rels/.rels
2024-10-24 13:55:00 DEBUG PackageRelationshipCollection:307 - Parsing relationship: /xl/_rels/workbook.xml.rels
2024-10-24 13:55:00 DEBUG PackageRelationshipCollection:307 - Parsing relationship: /xl/worksheets/_rels/sheet1.xml.rels
2024-10-24 13:55:00 DEBUG PackageRelationshipCollection:307 - Parsing relationship: /_rels/.rels
2024-10-24 13:55:00 DEBUG PackageRelationshipCollection:307 - Parsing relationship: /xl/_rels/workbook.xml.rels
2024-10-24 13:55:00 DEBUG PackageRelationshipCollection:307 - Parsing relationship: /xl/worksheets/_rels/sheet1.xml.rels
2024-10-24 13:55:00 DEBUG PackageRelationshipCollection:307 - Parsing relationship: /_rels/.rels
2024-10-24 13:55:00 DEBUG PackageRelationshipCollection:307 - Parsing relationship: /xl/_rels/workbook.xml.rels
2024-10-24 13:55:00 DEBUG PackageRelationshipCollection:307 - Parsing relationship: /xl/worksheets/_rels/sheet1.xml.rels
2024-10-24 13:55:00 DEBUG PackageRelationshipCollection:307 - Parsing relationship: /_rels/.rels
2024-10-24 13:55:00 DEBUG PackageRelationshipCollection:307 - Parsing relationship: /xl/_rels/workbook.xml.rels
2024-10-24 13:55:00 DEBUG PackageRelationshipCollection:307 - Parsing relationship: /xl/worksheets/_rels/sheet1.xml.rels
2024-10-24 13:55:00 DEBUG PackageRelationshipCollection:307 - Parsing relationship: /_rels/.rels
2024-10-24 13:55:00 DEBUG PackageRelationshipCollection:307 - Parsing relationship: /xl/_rels/workbook.xml.rels
2024-10-24 13:55:00 DEBUG PackageRelationshipCollection:307 - Parsing relationship: /xl/worksheets/_rels/sheet1.xml.rels
2024-10-24 13:55:00 DEBUG PackageRelationshipCollection:307 - Parsing relationship: /_rels/.rels
2024-10-24 13:55:00 DEBUG PackageRelationshipCollection:307 - Parsing relationship: /xl/_rels/workbook.xml.rels
2024-10-24 13:55:00 DEBUG PackageRelationshipCollection:307 - Parsing relationship: /xl/worksheets/_rels/sheet1.xml.rels
2024-10-24 13:55:00 DEBUG PackageRelationshipCollection:307 - Parsing relationship: /_rels/.rels
2024-10-24 13:55:00 DEBUG PackageRelationshipCollection:307 - Parsing relationship: /xl/_rels/workbook.xml.rels
2024-10-24 13:55:00 DEBUG PackageRelationshipCollection:307 - Parsing relationship: /xl/worksheets/_rels/sheet1.xml.rels
2024-10-24 13:55:00 DEBUG PackageRelationshipCollection:307 - Parsing relationship: /_rels/.rels
2024-10-24 13:55:00 DEBUG PackageRelationshipCollection:307 - Parsing relationship: /xl/_rels/workbook.xml.rels
2024-10-24 13:55:00 DEBUG PackageRelationshipCollection:307 - Parsing relationship: /xl/worksheets/_rels/sheet1.xml.rels
2024-10-24 13:55:00 DEBUG PackageRelationshipCollection:307 - Parsing relationship: /_rels/.rels
2024-10-24 13:55:00 DEBUG PackageRelationshipCollection:307 - Parsing relationship: /xl/_rels/workbook.xml.rels
2024-10-24 13:55:00 DEBUG PackageRelationshipCollection:307 - Parsing relationship: /xl/worksheets/_rels/sheet1.xml.rels
2024-10-24 13:55:00 DEBUG PackageRelationshipCollection:307 - Parsing relationship: /_rels/.rels
2024-10-24 13:55:00 DEBUG PackageRelationshipCollection:307 - Parsing relationship: /xl/_rels/workbook.xml.rels
2024-10-24 13:55:00 DEBUG PackageRelationshipCollection:307 - Parsing relationship: /xl/worksheets/_rels/sheet1.xml.rels
2024-10-24 13:55:00 DEBUG PackageRelationshipCollection:307 - Parsing relationship: /_rels/.rels
2024-10-24 13:55:00 DEBUG PackageRelationshipCollection:307 - Parsing relationship: /xl/_rels/workbook.xml.rels
2024-10-24 13:55:00 DEBUG PackageRelationshipCollection:307 - Parsing relationship: /xl/worksheets/_rels/sheet1.xml.rels
2024-10-24 13:55:00 DEBUG PackageRelationshipCollection:307 - Parsing relationship: /_rels/.rels
2024-10-24 13:55:00 DEBUG PackageRelationshipCollection:307 - Parsing relationship: /xl/_rels/workbook.xml.rels
2024-10-24 13:55:00 DEBUG PackageRelationshipCollection:307 - Parsing relationship: /xl/worksheets/_rels/sheet1.xml.rels
2024-10-24 13:55:00 DEBUG PackageRelationshipCollection:307 - Parsing relationship: /_rels/.rels
2024-10-24 13:55:00 DEBUG PackageRelationshipCollection:307 - Parsing relationship: /xl/_rels/workbook.xml.rels
2024-10-24 13:55:00 DEBUG PackageRelationshipCollection:307 - Parsing relationship: /xl/worksheets/_rels/sheet1.xml.rels
2024-10-24 13:55:00 DEBUG PackageRelationshipCollection:307 - Parsing relationship: /_rels/.rels
2024-10-24 13:55:00 DEBUG PackageRelationshipCollection:307 - Parsing relationship: /xl/_rels/workbook.xml.rels
2024-10-24 13:55:00 DEBUG PackageRelationshipCollection:307 - Parsing relationship: /xl/worksheets/_rels/sheet1.xml.rels
2024-10-24 13:55:00 DEBUG PackageRelationshipCollection:307 - Parsing relationship: /_rels/.rels
2024-10-24 13:55:00 DEBUG PackageRelationshipCollection:307 - Parsing relationship: /xl/_rels/workbook.xml.rels
2024-10-24 13:55:00 DEBUG PackageRelationshipCollection:307 - Parsing relationship: /xl/worksheets/_rels/sheet1.xml.rels
2024-10-24 13:55:00 DEBUG PackageRelationshipCollection:307 - Parsing relationship: /_rels/.rels
2024-10-24 13:55:00 INFO  TC003_LoginDDT:19 - ******************************** TC003_LoginDDT started ************************************************************
2024-10-24 13:55:00 INFO  TC003_LoginDDT:25 - Clicked on My Account Icon from HomePage
2024-10-24 13:55:01 INFO  TC003_LoginDDT:27 - Clicked on Login link from MyAccount Dropdown
2024-10-24 13:55:01 INFO  TC003_LoginDDT:33 - Entered Email and Password for login
2024-10-24 13:55:02 INFO  TC003_LoginDDT:35 - Clicked Login on Button
2024-10-24 13:55:03 INFO  TC003_LoginDDT:69 - ******************************** TC003_LoginDDT Finished ************************************************************
2024-10-24 13:55:03 INFO  TC003_LoginDDT:19 - ******************************** TC003_LoginDDT started ************************************************************
2024-10-24 13:55:03 INFO  TC003_LoginDDT:25 - Clicked on My Account Icon from HomePage
2024-10-24 13:55:03 INFO  TC003_LoginDDT:27 - Clicked on Login link from MyAccount Dropdown
2024-10-24 13:55:04 INFO  TC003_LoginDDT:33 - Entered Email and Password for login
2024-10-24 13:55:06 INFO  TC003_LoginDDT:35 - Clicked Login on Button
2024-10-24 13:55:07 INFO  TC003_LoginDDT:69 - ******************************** TC003_LoginDDT Finished ************************************************************
2024-10-24 13:55:07 INFO  TC003_LoginDDT:19 - ******************************** TC003_LoginDDT started ************************************************************
2024-10-24 13:55:07 INFO  TC003_LoginDDT:25 - Clicked on My Account Icon from HomePage
2024-10-24 13:55:07 INFO  TC003_LoginDDT:27 - Clicked on Login link from MyAccount Dropdown
2024-10-24 13:55:08 INFO  TC003_LoginDDT:33 - Entered Email and Password for login
2024-10-24 13:55:09 INFO  TC003_LoginDDT:35 - Clicked Login on Button
2024-10-24 13:55:19 INFO  TC003_LoginDDT:69 - ******************************** TC003_LoginDDT Finished ************************************************************
2024-10-24 13:55:19 INFO  TC003_LoginDDT:19 - ******************************** TC003_LoginDDT started ************************************************************
2024-10-24 13:55:19 INFO  TC003_LoginDDT:25 - Clicked on My Account Icon from HomePage
2024-10-24 13:55:19 INFO  TC003_LoginDDT:27 - Clicked on Login link from MyAccount Dropdown
2024-10-24 13:55:19 INFO  TC003_LoginDDT:33 - Entered Email and Password for login
2024-10-24 13:55:20 INFO  TC003_LoginDDT:35 - Clicked Login on Button
2024-10-24 13:55:30 INFO  TC003_LoginDDT:69 - ******************************** TC003_LoginDDT Finished ************************************************************
2024-10-24 13:55:30 INFO  TC003_LoginDDT:19 - ******************************** TC003_LoginDDT started ************************************************************
2024-10-24 13:55:30 INFO  TC003_LoginDDT:25 - Clicked on My Account Icon from HomePage
2024-10-24 13:55:30 INFO  TC003_LoginDDT:27 - Clicked on Login link from MyAccount Dropdown
2024-10-24 13:55:31 INFO  TC003_LoginDDT:33 - Entered Email and Password for login
2024-10-24 13:55:32 INFO  TC003_LoginDDT:35 - Clicked Login on Button
2024-10-24 13:55:32 INFO  TC003_LoginDDT:69 - ******************************** TC003_LoginDDT Finished ************************************************************
2024-10-24 13:56:19 DEBUG TestNG:82 - suiteXmlPath: "F:\AutomationPractise\OpenCartEcomm\CrossBrowserParallel.xml"
2024-10-24 13:56:20 INFO  Utils:112 - [TestNG] Running:
  F:\AutomationPractise\OpenCartEcomm\CrossBrowserParallel.xml

2024-10-24 13:56:23 INFO  TC001_AccountRegistrationTest:15 - *****************TC001_AccountRegistrationTest Started***********************
2024-10-24 13:56:24 INFO  TC001_AccountRegistrationTest:20 - clicked on Registration page!!!
2024-10-24 13:56:24 INFO  TC001_AccountRegistrationTest:23 - Providing Customer Detail using random class
2024-10-24 13:56:25 INFO  TC001_AccountRegistrationTest:37 - Validating register Message
2024-10-24 13:56:25 INFO  TC001_AccountRegistrationTest:55 - *****************TC001_AccountRegistrationTest Finished***********************
2024-10-24 13:56:28 INFO  TC001_AccountRegistrationTest:15 - *****************TC001_AccountRegistrationTest Started***********************
2024-10-24 13:56:30 INFO  TC001_AccountRegistrationTest:15 - *****************TC001_AccountRegistrationTest Started***********************
2024-10-24 13:56:30 INFO  TC001_AccountRegistrationTest:20 - clicked on Registration page!!!
2024-10-24 13:56:30 INFO  TC001_AccountRegistrationTest:23 - Providing Customer Detail using random class
2024-10-24 13:56:31 INFO  TC001_AccountRegistrationTest:20 - clicked on Registration page!!!
2024-10-24 13:56:31 INFO  TC001_AccountRegistrationTest:23 - Providing Customer Detail using random class
2024-10-24 13:56:31 INFO  TC002_LoginTest:17 - ******************************* Test 002_loginTest Started ******************************
2024-10-24 13:56:31 INFO  TC002_LoginTest:22 - Clicked on My Account Icon from HomePage
2024-10-24 13:56:32 INFO  TC002_LoginTest:25 - Clicked on Login link from MyAccount Dropdown
2024-10-24 13:56:32 INFO  TC001_AccountRegistrationTest:37 - Validating register Message
2024-10-24 13:56:32 INFO  TC001_AccountRegistrationTest:55 - *****************TC001_AccountRegistrationTest Finished***********************
2024-10-24 13:56:33 INFO  TC002_LoginTest:32 - Entered Email and Password for login
2024-10-24 13:56:33 INFO  TC002_LoginTest:34 - Clicked Login on Button
2024-10-24 13:56:34 INFO  TC002_LoginTest:45 - ******************************* Test 002_loginTest Finished ******************************
2024-10-24 13:56:34 INFO  TC001_AccountRegistrationTest:37 - Validating register Message
2024-10-24 13:56:34 INFO  TC001_AccountRegistrationTest:55 - *****************TC001_AccountRegistrationTest Finished***********************
2024-10-24 13:56:40 INFO  TC002_LoginTest:17 - ******************************* Test 002_loginTest Started ******************************
2024-10-24 13:56:41 INFO  TC002_LoginTest:22 - Clicked on My Account Icon from HomePage
2024-10-24 13:56:41 INFO  TC002_LoginTest:25 - Clicked on Login link from MyAccount Dropdown
2024-10-24 13:56:42 INFO  TC002_LoginTest:32 - Entered Email and Password for login
2024-10-24 13:56:42 INFO  TC002_LoginTest:34 - Clicked Login on Button
2024-10-24 13:56:42 INFO  TC002_LoginTest:45 - ******************************* Test 002_loginTest Finished ******************************
2024-10-24 13:56:44 INFO  TC002_LoginTest:17 - ******************************* Test 002_loginTest Started ******************************
2024-10-24 13:56:45 INFO  TC002_LoginTest:22 - Clicked on My Account Icon from HomePage
2024-10-24 13:56:45 INFO  TC002_LoginTest:25 - Clicked on Login link from MyAccount Dropdown
2024-10-24 13:56:45 INFO  TC002_LoginTest:32 - Entered Email and Password for login
2024-10-24 13:56:46 INFO  TC002_LoginTest:34 - Clicked Login on Button
2024-10-24 13:56:46 INFO  TC002_LoginTest:45 - ******************************* Test 002_loginTest Finished ******************************
2024-10-24 19:56:31 DEBUG TestNG:82 - suiteXmlPath: "F:\AutomationPractise\OpenCartEcomm\Grouping.xml"
2024-10-24 19:56:32 INFO  Utils:112 - [TestNG] Running:
  F:\AutomationPractise\OpenCartEcomm\Grouping.xml

2024-10-24 20:06:06 DEBUG TestNG:82 - suiteXmlPath: "F:\AutomationPractise\OpenCartEcomm\Grouping.xml"
2024-10-24 20:06:06 INFO  Utils:112 - [TestNG] Running:
  F:\AutomationPractise\OpenCartEcomm\Grouping.xml

2024-10-24 20:06:33 DEBUG TestNG:82 - suiteXmlPath: "F:\AutomationPractise\OpenCartEcomm\Grouping.xml"
2024-10-24 20:06:34 INFO  Utils:112 - [TestNG] Running:
  F:\AutomationPractise\OpenCartEcomm\Grouping.xml

2024-10-24 20:07:44 DEBUG TestNG:82 - suiteXmlPath: "F:\AutomationPractise\OpenCartEcomm\Grouping.xml"
2024-10-24 20:07:44 INFO  Utils:112 - [TestNG] Running:
  F:\AutomationPractise\OpenCartEcomm\Grouping.xml

2024-10-24 20:08:10 DEBUG TestNG:82 - suiteXmlPath: "F:\AutomationPractise\OpenCartEcomm\Grouping.xml"
2024-10-24 20:08:10 INFO  Utils:112 - [TestNG] Running:
  F:\AutomationPractise\OpenCartEcomm\Grouping.xml

2024-10-24 20:09:24 DEBUG TestNG:82 - suiteXmlPath: "F:\AutomationPractise\OpenCartEcomm\Grouping.xml"
2024-10-24 20:09:24 INFO  Utils:112 - [TestNG] Running:
  F:\AutomationPractise\OpenCartEcomm\Grouping.xml

2024-10-24 20:11:21 DEBUG TestNG:82 - suiteXmlPath: "F:\AutomationPractise\OpenCartEcomm\master.xml"
2024-10-24 20:11:22 INFO  Utils:112 - [TestNG] Running:
  F:\AutomationPractise\OpenCartEcomm\master.xml

2024-10-24 20:11:33 INFO  TC001_AccountRegistrationTest:15 - *****************TC001_AccountRegistrationTest Started***********************
2024-10-24 20:11:34 INFO  TC001_AccountRegistrationTest:20 - clicked on Registration page!!!
2024-10-24 20:11:34 INFO  TC001_AccountRegistrationTest:23 - Providing Customer Detail using random class
2024-10-24 20:11:36 INFO  TC001_AccountRegistrationTest:37 - Validating register Message
2024-10-24 20:11:36 INFO  TC001_AccountRegistrationTest:55 - *****************TC001_AccountRegistrationTest Finished***********************
2024-10-24 20:11:40 INFO  TC002_LoginTest:17 - ******************************* Test 002_loginTest Started ******************************
2024-10-24 20:11:40 INFO  TC002_LoginTest:22 - Clicked on My Account Icon from HomePage
2024-10-24 20:11:40 INFO  TC002_LoginTest:25 - Clicked on Login link from MyAccount Dropdown
2024-10-24 20:11:41 INFO  TC002_LoginTest:32 - Entered Email and Password for login
2024-10-24 20:11:42 INFO  TC002_LoginTest:34 - Clicked Login on Button
2024-10-24 20:11:42 INFO  TC002_LoginTest:45 - ******************************* Test 002_loginTest Finished ******************************
2024-10-24 20:11:46 DEBUG PackageRelationshipCollection:307 - Parsing relationship: /xl/_rels/workbook.xml.rels
2024-10-24 20:11:46 DEBUG PackageRelationshipCollection:307 - Parsing relationship: /xl/worksheets/_rels/sheet1.xml.rels
2024-10-24 20:11:46 DEBUG PackageRelationshipCollection:307 - Parsing relationship: /_rels/.rels
2024-10-24 20:11:46 DEBUG PackageRelationshipCollection:307 - Parsing relationship: /xl/_rels/workbook.xml.rels
2024-10-24 20:11:46 DEBUG PackageRelationshipCollection:307 - Parsing relationship: /xl/worksheets/_rels/sheet1.xml.rels
2024-10-24 20:11:46 DEBUG PackageRelationshipCollection:307 - Parsing relationship: /_rels/.rels
2024-10-24 20:11:46 DEBUG PackageRelationshipCollection:307 - Parsing relationship: /xl/_rels/workbook.xml.rels
2024-10-24 20:11:46 DEBUG PackageRelationshipCollection:307 - Parsing relationship: /xl/worksheets/_rels/sheet1.xml.rels
2024-10-24 20:11:46 DEBUG PackageRelationshipCollection:307 - Parsing relationship: /_rels/.rels
2024-10-24 20:11:46 DEBUG PackageRelationshipCollection:307 - Parsing relationship: /xl/_rels/workbook.xml.rels
2024-10-24 20:11:46 DEBUG PackageRelationshipCollection:307 - Parsing relationship: /xl/worksheets/_rels/sheet1.xml.rels
2024-10-24 20:11:46 DEBUG PackageRelationshipCollection:307 - Parsing relationship: /_rels/.rels
2024-10-24 20:11:46 DEBUG PackageRelationshipCollection:307 - Parsing relationship: /xl/_rels/workbook.xml.rels
2024-10-24 20:11:46 DEBUG PackageRelationshipCollection:307 - Parsing relationship: /xl/worksheets/_rels/sheet1.xml.rels
2024-10-24 20:11:46 DEBUG PackageRelationshipCollection:307 - Parsing relationship: /_rels/.rels
2024-10-24 20:11:46 DEBUG PackageRelationshipCollection:307 - Parsing relationship: /xl/_rels/workbook.xml.rels
2024-10-24 20:11:46 DEBUG PackageRelationshipCollection:307 - Parsing relationship: /xl/worksheets/_rels/sheet1.xml.rels
2024-10-24 20:11:46 DEBUG PackageRelationshipCollection:307 - Parsing relationship: /_rels/.rels
2024-10-24 20:11:47 DEBUG PackageRelationshipCollection:307 - Parsing relationship: /xl/_rels/workbook.xml.rels
2024-10-24 20:11:47 DEBUG PackageRelationshipCollection:307 - Parsing relationship: /xl/worksheets/_rels/sheet1.xml.rels
2024-10-24 20:11:47 DEBUG PackageRelationshipCollection:307 - Parsing relationship: /_rels/.rels
2024-10-24 20:11:47 DEBUG PackageRelationshipCollection:307 - Parsing relationship: /xl/_rels/workbook.xml.rels
2024-10-24 20:11:47 DEBUG PackageRelationshipCollection:307 - Parsing relationship: /xl/worksheets/_rels/sheet1.xml.rels
2024-10-24 20:11:47 DEBUG PackageRelationshipCollection:307 - Parsing relationship: /_rels/.rels
2024-10-24 20:11:47 DEBUG PackageRelationshipCollection:307 - Parsing relationship: /xl/_rels/workbook.xml.rels
2024-10-24 20:11:47 DEBUG PackageRelationshipCollection:307 - Parsing relationship: /xl/worksheets/_rels/sheet1.xml.rels
2024-10-24 20:11:47 DEBUG PackageRelationshipCollection:307 - Parsing relationship: /_rels/.rels
2024-10-24 20:11:47 DEBUG PackageRelationshipCollection:307 - Parsing relationship: /xl/_rels/workbook.xml.rels
2024-10-24 20:11:47 DEBUG PackageRelationshipCollection:307 - Parsing relationship: /xl/worksheets/_rels/sheet1.xml.rels
2024-10-24 20:11:47 DEBUG PackageRelationshipCollection:307 - Parsing relationship: /_rels/.rels
2024-10-24 20:11:47 DEBUG PackageRelationshipCollection:307 - Parsing relationship: /xl/_rels/workbook.xml.rels
2024-10-24 20:11:47 DEBUG PackageRelationshipCollection:307 - Parsing relationship: /xl/worksheets/_rels/sheet1.xml.rels
2024-10-24 20:11:47 DEBUG PackageRelationshipCollection:307 - Parsing relationship: /_rels/.rels
2024-10-24 20:11:47 DEBUG PackageRelationshipCollection:307 - Parsing relationship: /xl/_rels/workbook.xml.rels
2024-10-24 20:11:47 DEBUG PackageRelationshipCollection:307 - Parsing relationship: /xl/worksheets/_rels/sheet1.xml.rels
2024-10-24 20:11:47 DEBUG PackageRelationshipCollection:307 - Parsing relationship: /_rels/.rels
2024-10-24 20:11:47 DEBUG PackageRelationshipCollection:307 - Parsing relationship: /xl/_rels/workbook.xml.rels
2024-10-24 20:11:47 DEBUG PackageRelationshipCollection:307 - Parsing relationship: /xl/worksheets/_rels/sheet1.xml.rels
2024-10-24 20:11:47 DEBUG PackageRelationshipCollection:307 - Parsing relationship: /_rels/.rels
2024-10-24 20:11:47 DEBUG PackageRelationshipCollection:307 - Parsing relationship: /xl/_rels/workbook.xml.rels
2024-10-24 20:11:47 DEBUG PackageRelationshipCollection:307 - Parsing relationship: /xl/worksheets/_rels/sheet1.xml.rels
2024-10-24 20:11:47 DEBUG PackageRelationshipCollection:307 - Parsing relationship: /_rels/.rels
2024-10-24 20:11:47 DEBUG PackageRelationshipCollection:307 - Parsing relationship: /xl/_rels/workbook.xml.rels
2024-10-24 20:11:47 DEBUG PackageRelationshipCollection:307 - Parsing relationship: /xl/worksheets/_rels/sheet1.xml.rels
2024-10-24 20:11:47 DEBUG PackageRelationshipCollection:307 - Parsing relationship: /_rels/.rels
2024-10-24 20:11:47 DEBUG PackageRelationshipCollection:307 - Parsing relationship: /xl/_rels/workbook.xml.rels
2024-10-24 20:11:47 DEBUG PackageRelationshipCollection:307 - Parsing relationship: /xl/worksheets/_rels/sheet1.xml.rels
2024-10-24 20:11:47 DEBUG PackageRelationshipCollection:307 - Parsing relationship: /_rels/.rels
2024-10-24 20:11:47 DEBUG PackageRelationshipCollection:307 - Parsing relationship: /xl/_rels/workbook.xml.rels
2024-10-24 20:11:47 DEBUG PackageRelationshipCollection:307 - Parsing relationship: /xl/worksheets/_rels/sheet1.xml.rels
2024-10-24 20:11:47 DEBUG PackageRelationshipCollection:307 - Parsing relationship: /_rels/.rels
2024-10-24 20:11:47 INFO  TC003_LoginDDT:17 - ******************************** TC003_LoginDDT started ************************************************************
2024-10-24 20:11:47 INFO  TC003_LoginDDT:23 - Clicked on My Account Icon from HomePage
2024-10-24 20:11:48 INFO  TC003_LoginDDT:25 - Clicked on Login link from MyAccount Dropdown
2024-10-24 20:11:48 INFO  TC003_LoginDDT:31 - Entered Email and Password for login
2024-10-24 20:11:49 INFO  TC003_LoginDDT:33 - Clicked Login on Button
2024-10-24 20:11:49 INFO  TC003_LoginDDT:67 - ******************************** TC003_LoginDDT Finished ************************************************************
2024-10-24 20:11:49 INFO  TC003_LoginDDT:17 - ******************************** TC003_LoginDDT started ************************************************************
2024-10-24 20:11:49 INFO  TC003_LoginDDT:23 - Clicked on My Account Icon from HomePage
2024-10-24 20:11:50 INFO  TC003_LoginDDT:25 - Clicked on Login link from MyAccount Dropdown
2024-10-24 20:11:50 INFO  TC003_LoginDDT:31 - Entered Email and Password for login
2024-10-24 20:11:51 INFO  TC003_LoginDDT:33 - Clicked Login on Button
2024-10-24 20:11:52 INFO  TC003_LoginDDT:67 - ******************************** TC003_LoginDDT Finished ************************************************************
2024-10-24 20:11:52 INFO  TC003_LoginDDT:17 - ******************************** TC003_LoginDDT started ************************************************************
2024-10-24 20:11:52 INFO  TC003_LoginDDT:23 - Clicked on My Account Icon from HomePage
2024-10-24 20:11:52 INFO  TC003_LoginDDT:25 - Clicked on Login link from MyAccount Dropdown
2024-10-24 20:11:52 INFO  TC003_LoginDDT:31 - Entered Email and Password for login
2024-10-24 20:11:53 INFO  TC003_LoginDDT:33 - Clicked Login on Button
2024-10-24 20:12:03 INFO  TC003_LoginDDT:67 - ******************************** TC003_LoginDDT Finished ************************************************************
2024-10-24 20:12:03 INFO  TC003_LoginDDT:17 - ******************************** TC003_LoginDDT started ************************************************************
2024-10-24 20:12:03 INFO  TC003_LoginDDT:23 - Clicked on My Account Icon from HomePage
2024-10-24 20:12:04 INFO  TC003_LoginDDT:25 - Clicked on Login link from MyAccount Dropdown
2024-10-24 20:12:04 INFO  TC003_LoginDDT:31 - Entered Email and Password for login
2024-10-24 20:12:04 INFO  TC003_LoginDDT:33 - Clicked Login on Button
2024-10-24 20:12:14 INFO  TC003_LoginDDT:67 - ******************************** TC003_LoginDDT Finished ************************************************************
2024-10-24 20:12:14 INFO  TC003_LoginDDT:17 - ******************************** TC003_LoginDDT started ************************************************************
2024-10-24 20:12:15 INFO  TC003_LoginDDT:23 - Clicked on My Account Icon from HomePage
2024-10-24 20:12:15 INFO  TC003_LoginDDT:25 - Clicked on Login link from MyAccount Dropdown
2024-10-24 20:12:15 INFO  TC003_LoginDDT:31 - Entered Email and Password for login
2024-10-24 20:12:18 INFO  TC003_LoginDDT:33 - Clicked Login on Button
2024-10-24 20:12:20 INFO  TC003_LoginDDT:67 - ******************************** TC003_LoginDDT Finished ************************************************************
2024-10-24 20:16:42 DEBUG TestNG:82 - suiteXmlPath: "F:\AutomationPractise\OpenCartEcomm\Grouping.xml"
2024-10-24 20:16:42 INFO  Utils:112 - [TestNG] Running:
  F:\AutomationPractise\OpenCartEcomm\Grouping.xml

2024-10-24 20:19:11 DEBUG TestNG:82 - suiteXmlPath: "F:\AutomationPractise\OpenCartEcomm\Grouping.xml"
2024-10-24 20:19:11 INFO  Utils:112 - [TestNG] Running:
  F:\AutomationPractise\OpenCartEcomm\Grouping.xml

2024-10-24 20:19:43 DEBUG TestNG:82 - suiteXmlPath: "F:\AutomationPractise\OpenCartEcomm\Grouping.xml"
2024-10-24 20:19:43 INFO  Utils:112 - [TestNG] Running:
  F:\AutomationPractise\OpenCartEcomm\Grouping.xml

2024-10-24 20:19:47 INFO  TC001_AccountRegistrationTest:15 - *****************TC001_AccountRegistrationTest Started***********************
2024-10-24 20:19:48 INFO  TC001_AccountRegistrationTest:20 - clicked on Registration page!!!
2024-10-24 20:19:48 INFO  TC001_AccountRegistrationTest:23 - Providing Customer Detail using random class
2024-10-24 20:19:50 INFO  TC001_AccountRegistrationTest:37 - Validating register Message
2024-10-24 20:19:50 INFO  TC001_AccountRegistrationTest:55 - *****************TC001_AccountRegistrationTest Finished***********************
2024-10-24 20:19:53 INFO  TC002_LoginTest:17 - ******************************* Test 002_loginTest Started ******************************
2024-10-24 20:19:53 INFO  TC002_LoginTest:22 - Clicked on My Account Icon from HomePage
2024-10-24 20:19:54 INFO  TC002_LoginTest:25 - Clicked on Login link from MyAccount Dropdown
2024-10-24 20:19:54 INFO  TC002_LoginTest:32 - Entered Email and Password for login
2024-10-24 20:19:55 INFO  TC002_LoginTest:34 - Clicked Login on Button
2024-10-24 20:19:55 INFO  TC002_LoginTest:45 - ******************************* Test 002_loginTest Finished ******************************
2024-10-24 20:19:58 DEBUG PackageRelationshipCollection:307 - Parsing relationship: /xl/_rels/workbook.xml.rels
2024-10-24 20:19:58 DEBUG PackageRelationshipCollection:307 - Parsing relationship: /xl/worksheets/_rels/sheet1.xml.rels
2024-10-24 20:19:58 DEBUG PackageRelationshipCollection:307 - Parsing relationship: /_rels/.rels
2024-10-24 20:19:59 DEBUG PackageRelationshipCollection:307 - Parsing relationship: /xl/_rels/workbook.xml.rels
2024-10-24 20:19:59 DEBUG PackageRelationshipCollection:307 - Parsing relationship: /xl/worksheets/_rels/sheet1.xml.rels
2024-10-24 20:19:59 DEBUG PackageRelationshipCollection:307 - Parsing relationship: /_rels/.rels
2024-10-24 20:19:59 DEBUG PackageRelationshipCollection:307 - Parsing relationship: /xl/_rels/workbook.xml.rels
2024-10-24 20:19:59 DEBUG PackageRelationshipCollection:307 - Parsing relationship: /xl/worksheets/_rels/sheet1.xml.rels
2024-10-24 20:19:59 DEBUG PackageRelationshipCollection:307 - Parsing relationship: /_rels/.rels
2024-10-24 20:19:59 DEBUG PackageRelationshipCollection:307 - Parsing relationship: /xl/_rels/workbook.xml.rels
2024-10-24 20:19:59 DEBUG PackageRelationshipCollection:307 - Parsing relationship: /xl/worksheets/_rels/sheet1.xml.rels
2024-10-24 20:19:59 DEBUG PackageRelationshipCollection:307 - Parsing relationship: /_rels/.rels
2024-10-24 20:19:59 DEBUG PackageRelationshipCollection:307 - Parsing relationship: /xl/_rels/workbook.xml.rels
2024-10-24 20:19:59 DEBUG PackageRelationshipCollection:307 - Parsing relationship: /xl/worksheets/_rels/sheet1.xml.rels
2024-10-24 20:19:59 DEBUG PackageRelationshipCollection:307 - Parsing relationship: /_rels/.rels
2024-10-24 20:19:59 DEBUG PackageRelationshipCollection:307 - Parsing relationship: /xl/_rels/workbook.xml.rels
2024-10-24 20:19:59 DEBUG PackageRelationshipCollection:307 - Parsing relationship: /xl/worksheets/_rels/sheet1.xml.rels
2024-10-24 20:19:59 DEBUG PackageRelationshipCollection:307 - Parsing relationship: /_rels/.rels
2024-10-24 20:19:59 DEBUG PackageRelationshipCollection:307 - Parsing relationship: /xl/_rels/workbook.xml.rels
2024-10-24 20:19:59 DEBUG PackageRelationshipCollection:307 - Parsing relationship: /xl/worksheets/_rels/sheet1.xml.rels
2024-10-24 20:19:59 DEBUG PackageRelationshipCollection:307 - Parsing relationship: /_rels/.rels
2024-10-24 20:19:59 DEBUG PackageRelationshipCollection:307 - Parsing relationship: /xl/_rels/workbook.xml.rels
2024-10-24 20:19:59 DEBUG PackageRelationshipCollection:307 - Parsing relationship: /xl/worksheets/_rels/sheet1.xml.rels
2024-10-24 20:19:59 DEBUG PackageRelationshipCollection:307 - Parsing relationship: /_rels/.rels
2024-10-24 20:19:59 DEBUG PackageRelationshipCollection:307 - Parsing relationship: /xl/_rels/workbook.xml.rels
2024-10-24 20:19:59 DEBUG PackageRelationshipCollection:307 - Parsing relationship: /xl/worksheets/_rels/sheet1.xml.rels
2024-10-24 20:19:59 DEBUG PackageRelationshipCollection:307 - Parsing relationship: /_rels/.rels
2024-10-24 20:19:59 DEBUG PackageRelationshipCollection:307 - Parsing relationship: /xl/_rels/workbook.xml.rels
2024-10-24 20:19:59 DEBUG PackageRelationshipCollection:307 - Parsing relationship: /xl/worksheets/_rels/sheet1.xml.rels
2024-10-24 20:19:59 DEBUG PackageRelationshipCollection:307 - Parsing relationship: /_rels/.rels
2024-10-24 20:19:59 DEBUG PackageRelationshipCollection:307 - Parsing relationship: /xl/_rels/workbook.xml.rels
2024-10-24 20:19:59 DEBUG PackageRelationshipCollection:307 - Parsing relationship: /xl/worksheets/_rels/sheet1.xml.rels
2024-10-24 20:19:59 DEBUG PackageRelationshipCollection:307 - Parsing relationship: /_rels/.rels
2024-10-24 20:20:00 DEBUG PackageRelationshipCollection:307 - Parsing relationship: /xl/_rels/workbook.xml.rels
2024-10-24 20:20:00 DEBUG PackageRelationshipCollection:307 - Parsing relationship: /xl/worksheets/_rels/sheet1.xml.rels
2024-10-24 20:20:00 DEBUG PackageRelationshipCollection:307 - Parsing relationship: /_rels/.rels
2024-10-24 20:20:00 DEBUG PackageRelationshipCollection:307 - Parsing relationship: /xl/_rels/workbook.xml.rels
2024-10-24 20:20:00 DEBUG PackageRelationshipCollection:307 - Parsing relationship: /xl/worksheets/_rels/sheet1.xml.rels
2024-10-24 20:20:00 DEBUG PackageRelationshipCollection:307 - Parsing relationship: /_rels/.rels
2024-10-24 20:20:00 DEBUG PackageRelationshipCollection:307 - Parsing relationship: /xl/_rels/workbook.xml.rels
2024-10-24 20:20:00 DEBUG PackageRelationshipCollection:307 - Parsing relationship: /xl/worksheets/_rels/sheet1.xml.rels
2024-10-24 20:20:00 DEBUG PackageRelationshipCollection:307 - Parsing relationship: /_rels/.rels
2024-10-24 20:20:00 DEBUG PackageRelationshipCollection:307 - Parsing relationship: /xl/_rels/workbook.xml.rels
2024-10-24 20:20:00 DEBUG PackageRelationshipCollection:307 - Parsing relationship: /xl/worksheets/_rels/sheet1.xml.rels
2024-10-24 20:20:00 DEBUG PackageRelationshipCollection:307 - Parsing relationship: /_rels/.rels
2024-10-24 20:20:00 DEBUG PackageRelationshipCollection:307 - Parsing relationship: /xl/_rels/workbook.xml.rels
2024-10-24 20:20:00 DEBUG PackageRelationshipCollection:307 - Parsing relationship: /xl/worksheets/_rels/sheet1.xml.rels
2024-10-24 20:20:00 DEBUG PackageRelationshipCollection:307 - Parsing relationship: /_rels/.rels
2024-10-24 20:20:00 DEBUG PackageRelationshipCollection:307 - Parsing relationship: /xl/_rels/workbook.xml.rels
2024-10-24 20:20:00 DEBUG PackageRelationshipCollection:307 - Parsing relationship: /xl/worksheets/_rels/sheet1.xml.rels
2024-10-24 20:20:00 DEBUG PackageRelationshipCollection:307 - Parsing relationship: /_rels/.rels
2024-10-24 20:20:00 INFO  TC003_LoginDDT:17 - ******************************** TC003_LoginDDT started ************************************************************
2024-10-24 20:20:00 INFO  TC003_LoginDDT:23 - Clicked on My Account Icon from HomePage
2024-10-24 20:20:00 INFO  TC003_LoginDDT:25 - Clicked on Login link from MyAccount Dropdown
2024-10-24 20:20:01 INFO  TC003_LoginDDT:31 - Entered Email and Password for login
2024-10-24 20:20:01 INFO  TC003_LoginDDT:33 - Clicked Login on Button
2024-10-24 20:20:02 INFO  TC003_LoginDDT:67 - ******************************** TC003_LoginDDT Finished ************************************************************
2024-10-24 20:20:02 INFO  TC003_LoginDDT:17 - ******************************** TC003_LoginDDT started ************************************************************
2024-10-24 20:20:02 INFO  TC003_LoginDDT:23 - Clicked on My Account Icon from HomePage
2024-10-24 20:20:02 INFO  TC003_LoginDDT:25 - Clicked on Login link from MyAccount Dropdown
2024-10-24 20:20:03 INFO  TC003_LoginDDT:31 - Entered Email and Password for login
2024-10-24 20:20:05 INFO  TC003_LoginDDT:33 - Clicked Login on Button
2024-10-24 20:20:06 INFO  TC003_LoginDDT:67 - ******************************** TC003_LoginDDT Finished ************************************************************
2024-10-24 20:20:06 INFO  TC003_LoginDDT:17 - ******************************** TC003_LoginDDT started ************************************************************
2024-10-24 20:20:06 INFO  TC003_LoginDDT:23 - Clicked on My Account Icon from HomePage
2024-10-24 20:20:06 INFO  TC003_LoginDDT:25 - Clicked on Login link from MyAccount Dropdown
2024-10-24 20:20:06 INFO  TC003_LoginDDT:31 - Entered Email and Password for login
2024-10-24 20:20:07 INFO  TC003_LoginDDT:33 - Clicked Login on Button
2024-10-24 20:20:17 INFO  TC003_LoginDDT:67 - ******************************** TC003_LoginDDT Finished ************************************************************
2024-10-24 20:20:17 INFO  TC003_LoginDDT:17 - ******************************** TC003_LoginDDT started ************************************************************
2024-10-24 20:20:17 INFO  TC003_LoginDDT:23 - Clicked on My Account Icon from HomePage
2024-10-24 20:20:18 INFO  TC003_LoginDDT:25 - Clicked on Login link from MyAccount Dropdown
2024-10-24 20:20:18 INFO  TC003_LoginDDT:31 - Entered Email and Password for login
2024-10-24 20:20:19 INFO  TC003_LoginDDT:33 - Clicked Login on Button
2024-10-24 20:20:29 INFO  TC003_LoginDDT:67 - ******************************** TC003_LoginDDT Finished ************************************************************
2024-10-24 20:20:29 INFO  TC003_LoginDDT:17 - ******************************** TC003_LoginDDT started ************************************************************
2024-10-24 20:20:29 INFO  TC003_LoginDDT:23 - Clicked on My Account Icon from HomePage
2024-10-24 20:20:30 INFO  TC003_LoginDDT:25 - Clicked on Login link from MyAccount Dropdown
2024-10-24 20:20:30 INFO  TC003_LoginDDT:31 - Entered Email and Password for login
2024-10-24 20:21:13 INFO  TC003_LoginDDT:33 - Clicked Login on Button
2024-10-24 20:21:17 INFO  TC003_LoginDDT:67 - ******************************** TC003_LoginDDT Finished ************************************************************
2024-10-24 20:21:45 DEBUG TestNG:82 - suiteXmlPath: "F:\AutomationPractise\OpenCartEcomm\Grouping.xml"
2024-10-24 20:21:45 INFO  Utils:112 - [TestNG] Running:
  F:\AutomationPractise\OpenCartEcomm\Grouping.xml

2024-10-24 20:22:04 DEBUG TestNG:82 - suiteXmlPath: "F:\AutomationPractise\OpenCartEcomm\Grouping.xml"
2024-10-24 20:22:04 INFO  Utils:112 - [TestNG] Running:
  F:\AutomationPractise\OpenCartEcomm\Grouping.xml

2024-10-24 20:22:05 DEBUG PackageRelationshipCollection:307 - Parsing relationship: /xl/_rels/workbook.xml.rels
2024-10-24 20:22:05 DEBUG PackageRelationshipCollection:307 - Parsing relationship: /xl/worksheets/_rels/sheet1.xml.rels
2024-10-24 20:22:05 DEBUG PackageRelationshipCollection:307 - Parsing relationship: /_rels/.rels
2024-10-24 20:22:05 DEBUG PackageRelationshipCollection:307 - Parsing relationship: /xl/_rels/workbook.xml.rels
2024-10-24 20:22:05 DEBUG PackageRelationshipCollection:307 - Parsing relationship: /xl/worksheets/_rels/sheet1.xml.rels
2024-10-24 20:22:05 DEBUG PackageRelationshipCollection:307 - Parsing relationship: /_rels/.rels
2024-10-24 20:22:05 DEBUG PackageRelationshipCollection:307 - Parsing relationship: /xl/_rels/workbook.xml.rels
2024-10-24 20:22:05 DEBUG PackageRelationshipCollection:307 - Parsing relationship: /xl/worksheets/_rels/sheet1.xml.rels
2024-10-24 20:22:05 DEBUG PackageRelationshipCollection:307 - Parsing relationship: /_rels/.rels
2024-10-24 20:22:05 DEBUG PackageRelationshipCollection:307 - Parsing relationship: /xl/_rels/workbook.xml.rels
2024-10-24 20:22:05 DEBUG PackageRelationshipCollection:307 - Parsing relationship: /xl/worksheets/_rels/sheet1.xml.rels
2024-10-24 20:22:05 DEBUG PackageRelationshipCollection:307 - Parsing relationship: /_rels/.rels
2024-10-24 20:22:05 DEBUG PackageRelationshipCollection:307 - Parsing relationship: /xl/_rels/workbook.xml.rels
2024-10-24 20:22:05 DEBUG PackageRelationshipCollection:307 - Parsing relationship: /xl/worksheets/_rels/sheet1.xml.rels
2024-10-24 20:22:05 DEBUG PackageRelationshipCollection:307 - Parsing relationship: /_rels/.rels
2024-10-24 20:22:05 DEBUG PackageRelationshipCollection:307 - Parsing relationship: /xl/_rels/workbook.xml.rels
2024-10-24 20:22:05 DEBUG PackageRelationshipCollection:307 - Parsing relationship: /xl/worksheets/_rels/sheet1.xml.rels
2024-10-24 20:22:05 DEBUG PackageRelationshipCollection:307 - Parsing relationship: /_rels/.rels
2024-10-24 20:22:05 DEBUG PackageRelationshipCollection:307 - Parsing relationship: /xl/_rels/workbook.xml.rels
2024-10-24 20:22:05 DEBUG PackageRelationshipCollection:307 - Parsing relationship: /xl/worksheets/_rels/sheet1.xml.rels
2024-10-24 20:22:05 DEBUG PackageRelationshipCollection:307 - Parsing relationship: /_rels/.rels
2024-10-24 20:22:05 DEBUG PackageRelationshipCollection:307 - Parsing relationship: /xl/_rels/workbook.xml.rels
2024-10-24 20:22:05 DEBUG PackageRelationshipCollection:307 - Parsing relationship: /xl/worksheets/_rels/sheet1.xml.rels
2024-10-24 20:22:05 DEBUG PackageRelationshipCollection:307 - Parsing relationship: /_rels/.rels
2024-10-24 20:22:05 DEBUG PackageRelationshipCollection:307 - Parsing relationship: /xl/_rels/workbook.xml.rels
2024-10-24 20:22:05 DEBUG PackageRelationshipCollection:307 - Parsing relationship: /xl/worksheets/_rels/sheet1.xml.rels
2024-10-24 20:22:05 DEBUG PackageRelationshipCollection:307 - Parsing relationship: /_rels/.rels
2024-10-24 20:22:05 DEBUG PackageRelationshipCollection:307 - Parsing relationship: /xl/_rels/workbook.xml.rels
2024-10-24 20:22:05 DEBUG PackageRelationshipCollection:307 - Parsing relationship: /xl/worksheets/_rels/sheet1.xml.rels
2024-10-24 20:22:05 DEBUG PackageRelationshipCollection:307 - Parsing relationship: /_rels/.rels
2024-10-24 20:22:05 DEBUG PackageRelationshipCollection:307 - Parsing relationship: /xl/_rels/workbook.xml.rels
2024-10-24 20:22:05 DEBUG PackageRelationshipCollection:307 - Parsing relationship: /xl/worksheets/_rels/sheet1.xml.rels
2024-10-24 20:22:05 DEBUG PackageRelationshipCollection:307 - Parsing relationship: /_rels/.rels
2024-10-24 20:22:05 DEBUG PackageRelationshipCollection:307 - Parsing relationship: /xl/_rels/workbook.xml.rels
2024-10-24 20:22:05 DEBUG PackageRelationshipCollection:307 - Parsing relationship: /xl/worksheets/_rels/sheet1.xml.rels
2024-10-24 20:22:05 DEBUG PackageRelationshipCollection:307 - Parsing relationship: /_rels/.rels
2024-10-24 20:22:06 DEBUG PackageRelationshipCollection:307 - Parsing relationship: /xl/_rels/workbook.xml.rels
2024-10-24 20:22:06 DEBUG PackageRelationshipCollection:307 - Parsing relationship: /xl/worksheets/_rels/sheet1.xml.rels
2024-10-24 20:22:06 DEBUG PackageRelationshipCollection:307 - Parsing relationship: /_rels/.rels
2024-10-24 20:22:06 DEBUG PackageRelationshipCollection:307 - Parsing relationship: /xl/_rels/workbook.xml.rels
2024-10-24 20:22:06 DEBUG PackageRelationshipCollection:307 - Parsing relationship: /xl/worksheets/_rels/sheet1.xml.rels
2024-10-24 20:22:06 DEBUG PackageRelationshipCollection:307 - Parsing relationship: /_rels/.rels
2024-10-24 20:22:06 DEBUG PackageRelationshipCollection:307 - Parsing relationship: /xl/_rels/workbook.xml.rels
2024-10-24 20:22:06 DEBUG PackageRelationshipCollection:307 - Parsing relationship: /xl/worksheets/_rels/sheet1.xml.rels
2024-10-24 20:22:06 DEBUG PackageRelationshipCollection:307 - Parsing relationship: /_rels/.rels
2024-10-24 20:22:06 DEBUG PackageRelationshipCollection:307 - Parsing relationship: /xl/_rels/workbook.xml.rels
2024-10-24 20:22:06 DEBUG PackageRelationshipCollection:307 - Parsing relationship: /xl/worksheets/_rels/sheet1.xml.rels
2024-10-24 20:22:06 DEBUG PackageRelationshipCollection:307 - Parsing relationship: /_rels/.rels
2024-10-24 20:22:06 DEBUG PackageRelationshipCollection:307 - Parsing relationship: /xl/_rels/workbook.xml.rels
2024-10-24 20:22:06 DEBUG PackageRelationshipCollection:307 - Parsing relationship: /xl/worksheets/_rels/sheet1.xml.rels
2024-10-24 20:22:06 DEBUG PackageRelationshipCollection:307 - Parsing relationship: /_rels/.rels
2024-10-24 20:23:23 DEBUG TestNG:82 - suiteXmlPath: "F:\AutomationPractise\OpenCartEcomm\Grouping.xml"
2024-10-24 20:23:24 INFO  Utils:112 - [TestNG] Running:
  F:\AutomationPractise\OpenCartEcomm\Grouping.xml

2024-10-24 20:28:01 DEBUG TestNG:82 - suiteXmlPath: "F:\AutomationPractise\OpenCartEcomm\Grouping.xml"
2024-10-24 20:28:01 INFO  Utils:112 - [TestNG] Running:
  F:\AutomationPractise\OpenCartEcomm\Grouping.xml

2024-10-24 20:28:05 INFO  TC002_LoginTest:17 - ******************************* Test 002_loginTest Started ******************************
2024-10-24 20:28:05 INFO  TC002_LoginTest:22 - Clicked on My Account Icon from HomePage
2024-10-24 20:28:05 INFO  TC002_LoginTest:25 - Clicked on Login link from MyAccount Dropdown
2024-10-24 20:28:06 INFO  TC002_LoginTest:32 - Entered Email and Password for login
2024-10-24 20:28:06 INFO  TC002_LoginTest:34 - Clicked Login on Button
2024-10-24 20:28:06 INFO  TC002_LoginTest:45 - ******************************* Test 002_loginTest Finished ******************************
2024-10-24 23:29:26 DEBUG TestNG:82 - suiteXmlPath: "F:\AutomationPractise\OpenCartEcomm\Grouping.xml"
2024-10-24 23:29:26 INFO  Utils:112 - [TestNG] Running:
  F:\AutomationPractise\OpenCartEcomm\Grouping.xml

2024-10-24 23:29:36 INFO  TC001_AccountRegistrationTest:15 - *****************TC001_AccountRegistrationTest Started***********************
2024-10-24 23:29:38 INFO  TC001_AccountRegistrationTest:20 - clicked on Registration page!!!
2024-10-24 23:29:38 INFO  TC001_AccountRegistrationTest:23 - Providing Customer Detail using random class
2024-10-24 23:29:40 INFO  TC001_AccountRegistrationTest:37 - Validating register Message
2024-10-24 23:29:40 INFO  TC001_AccountRegistrationTest:55 - *****************TC001_AccountRegistrationTest Finished***********************
2024-10-24 23:29:44 INFO  TC002_LoginTest:17 - ******************************* Test 002_loginTest Started ******************************
2024-10-24 23:29:44 INFO  TC002_LoginTest:22 - Clicked on My Account Icon from HomePage
2024-10-24 23:29:44 INFO  TC002_LoginTest:25 - Clicked on Login link from MyAccount Dropdown
2024-10-24 23:29:45 INFO  TC002_LoginTest:32 - Entered Email and Password for login
2024-10-24 23:29:46 INFO  TC002_LoginTest:34 - Clicked Login on Button
2024-10-24 23:29:46 INFO  TC002_LoginTest:45 - ******************************* Test 002_loginTest Finished ******************************
2024-10-24 23:29:51 DEBUG PackageRelationshipCollection:307 - Parsing relationship: /xl/_rels/workbook.xml.rels
2024-10-24 23:29:51 DEBUG PackageRelationshipCollection:307 - Parsing relationship: /xl/worksheets/_rels/sheet1.xml.rels
2024-10-24 23:29:51 DEBUG PackageRelationshipCollection:307 - Parsing relationship: /_rels/.rels
2024-10-24 23:29:52 DEBUG PackageRelationshipCollection:307 - Parsing relationship: /xl/_rels/workbook.xml.rels
2024-10-24 23:29:52 DEBUG PackageRelationshipCollection:307 - Parsing relationship: /xl/worksheets/_rels/sheet1.xml.rels
2024-10-24 23:29:52 DEBUG PackageRelationshipCollection:307 - Parsing relationship: /_rels/.rels
2024-10-24 23:29:52 DEBUG PackageRelationshipCollection:307 - Parsing relationship: /xl/_rels/workbook.xml.rels
2024-10-24 23:29:52 DEBUG PackageRelationshipCollection:307 - Parsing relationship: /xl/worksheets/_rels/sheet1.xml.rels
2024-10-24 23:29:52 DEBUG PackageRelationshipCollection:307 - Parsing relationship: /_rels/.rels
2024-10-24 23:29:52 DEBUG PackageRelationshipCollection:307 - Parsing relationship: /xl/_rels/workbook.xml.rels
2024-10-24 23:29:52 DEBUG PackageRelationshipCollection:307 - Parsing relationship: /xl/worksheets/_rels/sheet1.xml.rels
2024-10-24 23:29:52 DEBUG PackageRelationshipCollection:307 - Parsing relationship: /_rels/.rels
2024-10-24 23:29:52 DEBUG PackageRelationshipCollection:307 - Parsing relationship: /xl/_rels/workbook.xml.rels
2024-10-24 23:29:52 DEBUG PackageRelationshipCollection:307 - Parsing relationship: /xl/worksheets/_rels/sheet1.xml.rels
2024-10-24 23:29:52 DEBUG PackageRelationshipCollection:307 - Parsing relationship: /_rels/.rels
2024-10-24 23:29:52 DEBUG PackageRelationshipCollection:307 - Parsing relationship: /xl/_rels/workbook.xml.rels
2024-10-24 23:29:52 DEBUG PackageRelationshipCollection:307 - Parsing relationship: /xl/worksheets/_rels/sheet1.xml.rels
2024-10-24 23:29:52 DEBUG PackageRelationshipCollection:307 - Parsing relationship: /_rels/.rels
2024-10-24 23:29:52 DEBUG PackageRelationshipCollection:307 - Parsing relationship: /xl/_rels/workbook.xml.rels
2024-10-24 23:29:52 DEBUG PackageRelationshipCollection:307 - Parsing relationship: /xl/worksheets/_rels/sheet1.xml.rels
2024-10-24 23:29:52 DEBUG PackageRelationshipCollection:307 - Parsing relationship: /_rels/.rels
2024-10-24 23:29:52 DEBUG PackageRelationshipCollection:307 - Parsing relationship: /xl/_rels/workbook.xml.rels
2024-10-24 23:29:52 DEBUG PackageRelationshipCollection:307 - Parsing relationship: /xl/worksheets/_rels/sheet1.xml.rels
2024-10-24 23:29:52 DEBUG PackageRelationshipCollection:307 - Parsing relationship: /_rels/.rels
2024-10-24 23:29:52 DEBUG PackageRelationshipCollection:307 - Parsing relationship: /xl/_rels/workbook.xml.rels
2024-10-24 23:29:52 DEBUG PackageRelationshipCollection:307 - Parsing relationship: /xl/worksheets/_rels/sheet1.xml.rels
2024-10-24 23:29:52 DEBUG PackageRelationshipCollection:307 - Parsing relationship: /_rels/.rels
2024-10-24 23:29:52 DEBUG PackageRelationshipCollection:307 - Parsing relationship: /xl/_rels/workbook.xml.rels
2024-10-24 23:29:52 DEBUG PackageRelationshipCollection:307 - Parsing relationship: /xl/worksheets/_rels/sheet1.xml.rels
2024-10-24 23:29:52 DEBUG PackageRelationshipCollection:307 - Parsing relationship: /_rels/.rels
2024-10-24 23:29:52 DEBUG PackageRelationshipCollection:307 - Parsing relationship: /xl/_rels/workbook.xml.rels
2024-10-24 23:29:52 DEBUG PackageRelationshipCollection:307 - Parsing relationship: /xl/worksheets/_rels/sheet1.xml.rels
2024-10-24 23:29:52 DEBUG PackageRelationshipCollection:307 - Parsing relationship: /_rels/.rels
2024-10-24 23:29:52 DEBUG PackageRelationshipCollection:307 - Parsing relationship: /xl/_rels/workbook.xml.rels
2024-10-24 23:29:52 DEBUG PackageRelationshipCollection:307 - Parsing relationship: /xl/worksheets/_rels/sheet1.xml.rels
2024-10-24 23:29:52 DEBUG PackageRelationshipCollection:307 - Parsing relationship: /_rels/.rels
2024-10-24 23:29:52 DEBUG PackageRelationshipCollection:307 - Parsing relationship: /xl/_rels/workbook.xml.rels
2024-10-24 23:29:52 DEBUG PackageRelationshipCollection:307 - Parsing relationship: /xl/worksheets/_rels/sheet1.xml.rels
2024-10-24 23:29:52 DEBUG PackageRelationshipCollection:307 - Parsing relationship: /_rels/.rels
2024-10-24 23:29:52 DEBUG PackageRelationshipCollection:307 - Parsing relationship: /xl/_rels/workbook.xml.rels
2024-10-24 23:29:52 DEBUG PackageRelationshipCollection:307 - Parsing relationship: /xl/worksheets/_rels/sheet1.xml.rels
2024-10-24 23:29:52 DEBUG PackageRelationshipCollection:307 - Parsing relationship: /_rels/.rels
2024-10-24 23:29:52 DEBUG PackageRelationshipCollection:307 - Parsing relationship: /xl/_rels/workbook.xml.rels
2024-10-24 23:29:52 DEBUG PackageRelationshipCollection:307 - Parsing relationship: /xl/worksheets/_rels/sheet1.xml.rels
2024-10-24 23:29:52 DEBUG PackageRelationshipCollection:307 - Parsing relationship: /_rels/.rels
2024-10-24 23:29:52 DEBUG PackageRelationshipCollection:307 - Parsing relationship: /xl/_rels/workbook.xml.rels
2024-10-24 23:29:52 DEBUG PackageRelationshipCollection:307 - Parsing relationship: /xl/worksheets/_rels/sheet1.xml.rels
2024-10-24 23:29:52 DEBUG PackageRelationshipCollection:307 - Parsing relationship: /_rels/.rels
2024-10-24 23:29:52 DEBUG PackageRelationshipCollection:307 - Parsing relationship: /xl/_rels/workbook.xml.rels
2024-10-24 23:29:52 DEBUG PackageRelationshipCollection:307 - Parsing relationship: /xl/worksheets/_rels/sheet1.xml.rels
2024-10-24 23:29:52 DEBUG PackageRelationshipCollection:307 - Parsing relationship: /_rels/.rels
2024-10-24 23:29:52 INFO  TC003_LoginDDT:17 - ******************************** TC003_LoginDDT started ************************************************************
2024-10-24 23:29:53 INFO  TC003_LoginDDT:23 - Clicked on My Account Icon from HomePage
2024-10-24 23:29:53 INFO  TC003_LoginDDT:25 - Clicked on Login link from MyAccount Dropdown
2024-10-24 23:29:54 INFO  TC003_LoginDDT:31 - Entered Email and Password for login
2024-10-24 23:29:55 INFO  TC003_LoginDDT:33 - Clicked Login on Button
2024-10-24 23:29:55 INFO  TC003_LoginDDT:67 - ******************************** TC003_LoginDDT Finished ************************************************************
2024-10-24 23:29:55 INFO  TC003_LoginDDT:17 - ******************************** TC003_LoginDDT started ************************************************************
2024-10-24 23:29:55 INFO  TC003_LoginDDT:23 - Clicked on My Account Icon from HomePage
2024-10-24 23:29:56 INFO  TC003_LoginDDT:25 - Clicked on Login link from MyAccount Dropdown
2024-10-24 23:29:57 INFO  TC003_LoginDDT:31 - Entered Email and Password for login
2024-10-24 23:29:57 INFO  TC003_LoginDDT:33 - Clicked Login on Button
2024-10-24 23:29:58 INFO  TC003_LoginDDT:67 - ******************************** TC003_LoginDDT Finished ************************************************************
2024-10-24 23:29:58 INFO  TC003_LoginDDT:17 - ******************************** TC003_LoginDDT started ************************************************************
2024-10-24 23:29:58 INFO  TC003_LoginDDT:23 - Clicked on My Account Icon from HomePage
2024-10-24 23:29:59 INFO  TC003_LoginDDT:25 - Clicked on Login link from MyAccount Dropdown
2024-10-24 23:29:59 INFO  TC003_LoginDDT:31 - Entered Email and Password for login
2024-10-24 23:30:00 INFO  TC003_LoginDDT:33 - Clicked Login on Button
2024-10-24 23:30:10 INFO  TC003_LoginDDT:67 - ******************************** TC003_LoginDDT Finished ************************************************************
2024-10-24 23:30:10 INFO  TC003_LoginDDT:17 - ******************************** TC003_LoginDDT started ************************************************************
2024-10-24 23:30:10 INFO  TC003_LoginDDT:23 - Clicked on My Account Icon from HomePage
2024-10-24 23:30:11 INFO  TC003_LoginDDT:25 - Clicked on Login link from MyAccount Dropdown
2024-10-24 23:30:11 INFO  TC003_LoginDDT:31 - Entered Email and Password for login
2024-10-24 23:30:12 INFO  TC003_LoginDDT:33 - Clicked Login on Button
2024-10-24 23:30:22 INFO  TC003_LoginDDT:67 - ******************************** TC003_LoginDDT Finished ************************************************************
2024-10-24 23:30:22 INFO  TC003_LoginDDT:17 - ******************************** TC003_LoginDDT started ************************************************************
2024-10-24 23:30:22 INFO  TC003_LoginDDT:23 - Clicked on My Account Icon from HomePage
2024-10-24 23:30:24 INFO  TC003_LoginDDT:25 - Clicked on Login link from MyAccount Dropdown
2024-10-24 23:30:24 INFO  TC003_LoginDDT:31 - Entered Email and Password for login
2024-10-24 23:30:27 INFO  TC003_LoginDDT:33 - Clicked Login on Button
2024-10-24 23:30:28 INFO  TC003_LoginDDT:67 - ******************************** TC003_LoginDDT Finished ************************************************************
2024-10-24 23:34:15 DEBUG TestNG:82 - suiteXmlPath: "F:\AutomationPractise\OpenCartEcomm\Grouping.xml"
2024-10-24 23:34:15 INFO  Utils:112 - [TestNG] Running:
  F:\AutomationPractise\OpenCartEcomm\Grouping.xml

2024-10-24 23:34:21 INFO  TC001_AccountRegistrationTest:15 - *****************TC001_AccountRegistrationTest Started***********************
2024-10-24 23:34:21 INFO  TC001_AccountRegistrationTest:20 - clicked on Registration page!!!
2024-10-24 23:34:21 INFO  TC001_AccountRegistrationTest:23 - Providing Customer Detail using random class
2024-10-24 23:34:23 INFO  TC001_AccountRegistrationTest:37 - Validating register Message
2024-10-24 23:34:23 INFO  TC001_AccountRegistrationTest:55 - *****************TC001_AccountRegistrationTest Finished***********************
2024-10-24 23:34:28 INFO  TC002_LoginTest:17 - ******************************* Test 002_loginTest Started ******************************
2024-10-24 23:34:28 INFO  TC002_LoginTest:22 - Clicked on My Account Icon from HomePage
2024-10-24 23:34:28 INFO  TC002_LoginTest:25 - Clicked on Login link from MyAccount Dropdown
2024-10-24 23:34:29 INFO  TC002_LoginTest:32 - Entered Email and Password for login
2024-10-24 23:34:29 INFO  TC002_LoginTest:34 - Clicked Login on Button
